<?xml version="1.0" encoding="UTF-8"?>
<!-- Generated by org.testng.reporters.JUnitReportReporter -->
<testsuite hostname="LAPTOP-685DSG8Q" failures="1" tests="3" name="CucumberOptions.TestRunner" time="33.987" errors="0" timestamp="2023-09-17T18:17:23 IST" skipped="0">
  <testcase classname="CucumberOptions.TestRunner" name="runScenario" time="11.181"/>
  <testcase classname="CucumberOptions.TestRunner" name="runScenario" time="11.124"/>
  <testcase classname="CucumberOptions.TestRunner" name="runScenario" time="11.682">
    <failure message="expected [No data] but found [Beetroot]" type="java.lang.AssertionError">
      <![CDATA[java.lang.AssertionError: expected [No data] but found [Beetroot]
at org.testng.Assert.fail(Assert.java:111)
at org.testng.Assert.failNotEquals(Assert.java:1578)
at org.testng.Assert.assertEqualsImpl(Assert.java:150)
at org.testng.Assert.assertEquals(Assert.java:132)
at org.testng.Assert.assertEquals(Assert.java:656)
at org.testng.Assert.assertEquals(Assert.java:666)
at stepDefinition.OffersPage.validate_product_name_in_Offers_page(OffersPage.java:54)
at âœ½.validate product name in offers page matches with Landing Page(file:///C:/Users/VEMULA%20SHASHIDAR/Cucumber-Framework/SeleniumProject/src/test/java/features/searchfeature.feature:8)
]]>
    </failure>
  </testcase> <!-- runScenario -->
</testsuite> <!-- CucumberOptions.TestRunner -->
